<?xml version="1.0" encoding="UTF-8"?>
<testsuite name="TrySeleniumTestNG" tests="1" skipped="0" failures="0" errors="0" timestamp="2021-05-11T09:59:33" hostname="Joshs-MacBook-Pro-2.local" time="4.696">
  <properties/>
  <testcase name="SeleniumTest" classname="TrySeleniumTestNG" time="4.696"/>
  <system-out><![CDATA[]]></system-out>
  <system-err><![CDATA[Starting ChromeDriver 90.0.4430.24 (4c6d850f087da467d926e8eddb76550aed655991-refs/branch-heads/4430@{#429}) on port 43535
Only local connections are allowed.
Please see https://chromedriver.chromium.org/security-considerations for suggestions on keeping ChromeDriver safe.
ChromeDriver was started successfully.
May 11, 2021 10:59:35 AM org.openqa.selenium.remote.ProtocolHandshake createSession
INFO: Detected dialect: W3C
May 11, 2021 10:59:36 AM org.openqa.selenium.devtools.CdpVersionFinder findNearestMatch
WARNING: Unable to find an exact match for CDP version 90, so returning the closest version found: 89
May 11, 2021 10:59:36 AM org.openqa.selenium.devtools.CdpVersionFinder findNearestMatch
INFO: Found CDP implementation for version 90 of 89
]]></system-err>
</testsuite>
